<?xml version="1.0" encoding="UTF-8"?>
<!-- Generated by org.testng.reporters.JUnitXMLReporter -->
<testsuite hostname="Ganesh" ignored="4" name="Default test" tests="1" failures="0" timestamp="2023-01-30T18:10:23 IST" time="6.662" errors="0">
  <testcase name="Verify_Valid_Credentials" time="3.196" classname="org.tditsolutions.qa.tests.UpdateAccountTest"/>
  <testcase name="Verify_With_All_Fields_Blank" time="0.0" classname="org.tditsolutions.qa.tests.UpdateAccountTest">
    <ignored/>
  </testcase> <!-- Verify_With_All_Fields_Blank -->
  <testcase name="Verify_Invalid_Credentials" time="0.0" classname="org.tditsolutions.qa.tests.UpdateAccountTest">
    <ignored/>
  </testcase> <!-- Verify_Invalid_Credentials -->
  <testcase name="Verify_Title" time="0.0" classname="org.tditsolutions.qa.tests.UpdateAccountTest">
    <ignored/>
  </testcase> <!-- Verify_Title -->
  <testcase name="Verify_Homepage_Button_Update_Account" time="0.0" classname="org.tditsolutions.qa.tests.UpdateAccountTest">
    <ignored/>
  </testcase> <!-- Verify_Homepage_Button_Update_Account -->
</testsuite> <!-- Default test -->
