<?xml version="1.0" encoding="UTF-8"?>
<testng-results skipped="0" failed="0" ignored="4" total="5" passed="1">
  <reporter-output>
  </reporter-output>
  <suite name="Default suite" duration-ms="6662" started-at="2023-01-30T18:10:17 IST" finished-at="2023-01-30T18:10:23 IST">
    <groups>
    </groups>
    <test name="Default test" duration-ms="6662" started-at="2023-01-30T18:10:17 IST" finished-at="2023-01-30T18:10:23 IST">
      <class name="org.tditsolutions.qa.tests.UpdateAccountTest">
        <test-method status="PASS" signature="beforeMethod()[pri:0, instance:org.tditsolutions.qa.tests.UpdateAccountTest@53f65459]" name="beforeMethod" is-config="true" duration-ms="2777" started-at="2023-01-30T18:10:17 IST" finished-at="2023-01-30T18:10:19 IST">
          <reporter-output>
          </reporter-output>
        </test-method> <!-- beforeMethod -->
        <test-method status="PASS" signature="Verify_Valid_Credentials()[pri:0, instance:org.tditsolutions.qa.tests.UpdateAccountTest@53f65459]" name="Verify_Valid_Credentials" duration-ms="3196" started-at="2023-01-30T18:10:19 IST" finished-at="2023-01-30T18:10:23 IST">
          <reporter-output>
          </reporter-output>
        </test-method> <!-- Verify_Valid_Credentials -->
        <test-method status="PASS" signature="afterMethod()[pri:0, instance:org.tditsolutions.qa.tests.UpdateAccountTest@53f65459]" name="afterMethod" is-config="true" duration-ms="658" started-at="2023-01-30T18:10:23 IST" finished-at="2023-01-30T18:10:23 IST">
          <reporter-output>
          </reporter-output>
        </test-method> <!-- afterMethod -->
      </class> <!-- org.tditsolutions.qa.tests.UpdateAccountTest -->
    </test> <!-- Default test -->
  </suite> <!-- Default suite -->
</testng-results>
